Traceback (most recent call last):
  File "C:\Users\vkoul\Anaconda3\lib\site-packages\jupyter_cache\executors\utils.py", line 58, in single_nb_execution
    executenb(
  File "C:\Users\vkoul\Anaconda3\lib\site-packages\nbclient\client.py", line 1204, in execute
    return NotebookClient(nb=nb, resources=resources, km=km, **kwargs).execute()
  File "C:\Users\vkoul\Anaconda3\lib\site-packages\nbclient\util.py", line 84, in wrapped
    return just_run(coro(*args, **kwargs))
  File "C:\Users\vkoul\Anaconda3\lib\site-packages\nbclient\util.py", line 62, in just_run
    return loop.run_until_complete(coro)
  File "C:\Users\vkoul\Anaconda3\lib\asyncio\base_events.py", line 647, in run_until_complete
    return future.result()
  File "C:\Users\vkoul\Anaconda3\lib\site-packages\nbclient\client.py", line 663, in async_execute
    await self.async_execute_cell(
  File "C:\Users\vkoul\Anaconda3\lib\site-packages\nbclient\client.py", line 965, in async_execute_cell
    await self._check_raise_for_error(cell, cell_index, exec_reply)
  File "C:\Users\vkoul\Anaconda3\lib\site-packages\nbclient\client.py", line 862, in _check_raise_for_error
    raise CellExecutionError.from_cell_and_msg(cell, exec_reply_content)
nbclient.exceptions.CellExecutionError: An error occurred while executing the following cell:
------------------
X_train, X_test, y_train, y_test = train_test_split(data, target, test_size = 0.2, shuffle= False)

# By doing shuffle = False, the last 20% of data will be used for split 
------------------

[1;31m---------------------------------------------------------------------------[0m
[1;31mNameError[0m                                 Traceback (most recent call last)
[1;32m~\AppData\Local\Temp\1\ipykernel_16164\2644079466.py[0m in [0;36m<module>[1;34m[0m
[1;32m----> 1[1;33m [0mX_train[0m[1;33m,[0m [0mX_test[0m[1;33m,[0m [0my_train[0m[1;33m,[0m [0my_test[0m [1;33m=[0m [0mtrain_test_split[0m[1;33m([0m[0mdata[0m[1;33m,[0m [0mtarget[0m[1;33m,[0m [0mtest_size[0m [1;33m=[0m [1;36m0.2[0m[1;33m,[0m [0mshuffle[0m[1;33m=[0m [1;32mFalse[0m[1;33m)[0m[1;33m[0m[1;33m[0m[0m
[0m[0;32m      2[0m [1;33m[0m[0m
[0;32m      3[0m [1;31m# By doing shuffle = False, the last 20% of data will be used for split[0m[1;33m[0m[1;33m[0m[0m

[1;31mNameError[0m: name 'target' is not defined
NameError: name 'target' is not defined

